06302023 09:31:51 PM: INFO: ************ Test_001_Login **************
06302023 09:31:51 PM: INFO: ************ test_login **************
06302023 09:31:56 PM: INFO: ************ test_login case passed **************
06302023 09:32:03 PM: INFO: ************ test_login case passed **************
06302023 09:39:22 PM: INFO: ************ Test_001_Login **************
06302023 09:39:22 PM: INFO: ************ test_login **************
06302023 09:39:33 PM: INFO: ************ test_login case passed **************
06302023 09:41:06 PM: INFO: ************ Test_001_Login **************
06302023 09:41:06 PM: INFO: ************ test_login **************
06302023 09:41:12 PM: INFO: ************ test_login case passed **************
06302023 09:42:41 PM: INFO: ************ Test_001_Login **************
06302023 09:42:41 PM: INFO: ************ test_login **************
06302023 09:42:49 PM: INFO: ************ test_login case passed **************
06302023 09:43:03 PM: INFO: ************ test_login case passed **************
06302023 09:43:23 PM: INFO: ************ Test_001_Login **************
06302023 09:43:23 PM: INFO: ************ test_login **************
06302023 09:43:29 PM: INFO: ************ test_login case passed **************
06302023 09:43:42 PM: INFO: ************ test_login case passed **************
06302023 09:47:55 PM: INFO: ************ Test_001_Login **************
06302023 09:47:55 PM: INFO: ************ test_login **************
06302023 09:48:00 PM: INFO: ************ test_login case passed **************
06302023 09:48:13 PM: INFO: ************ test_login case passed **************
06302023 09:49:38 PM: INFO: ************ Test_001_Login **************
06302023 09:49:38 PM: INFO: ************ test_login **************
06302023 09:49:45 PM: INFO: ************ test_login case passed **************
06302023 09:49:55 PM: INFO: ************ test_login case passed **************
06302023 10:50:32 PM: INFO: ********************* Test_002_LoginDDT **********************
06302023 10:50:32 PM: INFO: ********************* test_loginDTT **********************
06302023 10:50:38 PM: INFO: *************** Login DDT test passed *****************
06302023 10:50:41 PM: INFO: *************** Login DDT test passed *****************
06302023 10:50:45 PM: INFO: *************** Login DDT test passed *****************
06302023 10:50:45 PM: INFO: *************** End of Login ddt test *****************
06302023 10:50:45 PM: INFO: *************** Completed Test_002_Login  *****************
07012023 06:40:32 PM: INFO: ************ Test_001_Login **************
07012023 06:40:32 PM: INFO: ************ test_login **************
07012023 06:40:38 PM: INFO: ************ test_login case passed **************
07012023 06:41:44 PM: INFO: ************ Test_001_Login **************
07012023 06:41:44 PM: INFO: ************ test_login **************
07012023 06:41:50 PM: INFO: ************ test_login case passed **************
